This is pdfTeX, Version 3.141592653-2.6-1.40.25 (MiKTeX 23.4) (preloaded format=pdflatex 2023.9.21)  22 SEP 2023 18:00
entering extended mode
 restricted \write18 enabled.
 %&-line parsing enabled.
**./51-biblio.tex
(51-biblio.tex
LaTeX2e <2022-11-01> patch level 1
L3 programming layer <2023-03-30>

! LaTeX Error: Command \bibname undefined.

See the LaTeX manual or LaTeX Companion for explanation.
Type  H <return>  for immediate help.
 ...                                              
                                                  
l.1 \renewcommand{\bibname}
                           {C–ü–ò–°–û–ö –ò–°–ü–û–õ–¨–ó–£–ï–ú–´–• –ò–°–¢–û–ß–...

Try typing  <return>  to proceed.
If that doesn't work, type  X <return>  to quit.

\bibdata{51-biblio}
No file 51-biblio.bbl.
)
! Emergency stop.
<*> ./51-biblio.tex
                   
*** (job aborted, no legal \end found)

 
Here is how much of TeX's memory you used:
 22 strings out of 476331
 483 string characters out of 5786349
 1849660 words of memory out of 5000000
 20560 multiletter control sequences out of 15000+600000
 512287 words of font info for 32 fonts, out of 8000000 for 9000
 1141 hyphenation exceptions out of 8191
 16i,0n,26p,153b,18s stack positions out of 10000i,1000n,20000p,200000b,200000s
!  ==> Fatal error occurred, no output PDF file produced!
