\BOOKMARK [0][-]{chapter*.2}{\376\377\004\022\004\022\004\025\004\024\004\025\004\035\004\030\004\025}{}% 1
\BOOKMARK [0][-]{chapter.1}{\376\377\004\020\004\075\004\060\004\073\004\070\004\102\004\070\004\107\004\065\004\101\004\072\004\060\004\117\000\040\004\107\004\060\004\101\004\102\004\114}{}% 2
\BOOKMARK [1][-]{section.1.1}{\376\377\004\040\004\065\004\072\004\103\004\100\004\101\004\070\004\062\004\075\004\113\004\071\000\040\004\060\004\073\004\063\004\076\004\100\004\070\004\102\004\074\000\040\004\075\004\060\004\105\004\076\004\066\004\064\004\065\004\075\004\070\004\117\000\040\004\100\004\060\004\101\004\101\004\102\004\076\004\117\004\075\004\070\004\117\000\040\004\033\004\065\004\062\004\065\004\075\004\110\004\102\004\065\004\071\004\075\004\060}{chapter.1}% 3
\BOOKMARK [1][-]{section.1.2}{\376\377\004\034\004\060\004\102\004\100\004\070\004\107\004\075\004\113\004\071\000\040\004\060\004\073\004\063\004\076\004\100\004\070\004\102\004\074\000\040\004\075\004\060\004\105\004\076\004\066\004\064\004\065\004\075\004\070\004\117\000\040\004\100\004\060\004\101\004\101\004\102\004\076\004\117\004\075\004\070\004\117\000\040\004\033\004\065\004\062\004\065\004\075\004\110\004\102\004\065\004\071\004\075\004\060}{chapter.1}% 4
\BOOKMARK [1][-]{section.1.3}{\376\377\004\040\004\065\004\072\004\103\004\100\004\101\004\070\004\062\004\075\004\113\004\071\000\040\004\060\004\073\004\063\004\076\004\100\004\070\004\102\004\074\000\040\004\075\004\060\004\105\004\076\004\066\004\064\004\065\004\075\004\070\004\117\000\040\004\100\004\060\004\101\004\101\004\102\004\076\004\117\004\075\004\070\004\117\000\040\004\024\004\060\004\074\004\065\004\100\004\060\004\103\000-\004\033\004\065\004\062\004\065\004\075\004\110\004\102\004\065\004\071\004\075\004\060}{chapter.1}% 5
\BOOKMARK [1][-]{section.1.4}{\376\377\004\034\004\060\004\102\004\100\004\070\004\107\004\075\004\113\004\071\000\040\004\060\004\073\004\063\004\076\004\100\004\070\004\102\004\074\000\040\004\075\004\060\004\105\004\076\004\066\004\064\004\065\004\075\004\070\004\117\000\040\004\100\004\060\004\101\004\101\004\102\004\076\004\117\004\075\004\070\004\117\000\040\004\024\004\060\004\074\004\065\004\100\004\060\004\103\000-\004\033\004\065\004\062\004\065\004\075\004\110\004\102\004\065\004\071\004\075\004\060}{chapter.1}% 6
\BOOKMARK [1][-]{section.1.5}{\376\377\004\040\004\065\004\072\004\103\004\100\004\101\004\070\004\062\004\075\004\113\004\071\000\040\004\060\004\073\004\063\004\076\004\100\004\070\004\102\004\074\000\040\004\075\004\060\004\105\004\076\004\066\004\064\004\065\004\075\004\070\004\117\000\040\004\100\004\060\004\101\004\101\004\102\004\076\004\117\004\075\004\070\004\117\000\040\004\024\004\060\004\074\004\065\004\100\004\060\004\103\000-\004\033\004\065\004\062\004\065\004\075\004\110\004\102\004\065\004\071\004\075\004\060\000\040\004\101\000\040\004\067\004\060\004\077\004\076\004\073\004\075\004\065\004\075\004\070\004\065\004\074\000\040\004\074\004\060\004\102\004\100\004\070\004\106\004\113}{chapter.1}% 7
\BOOKMARK [0][-]{chapter.2}{\376\377\004\032\004\076\004\075\004\101\004\102\004\100\004\103\004\072\004\102\004\076\004\100\004\101\004\072\004\060\004\117\000\040\004\107\004\060\004\101\004\102\004\114}{}% 8
\BOOKMARK [1][-]{section.2.1}{\376\377\004\041\004\105\004\065\004\074\004\060\000\040\004\060\004\073\004\063\004\076\004\100\004\070\004\102\004\074\004\060\000\040\004\033\004\065\004\062\004\065\004\075\004\110\004\102\004\065\004\071\004\075\004\060}{chapter.2}% 9
\BOOKMARK [1][-]{section.2.2}{\376\377\004\041\004\105\004\065\004\074\004\060\000\040\004\060\004\073\004\063\004\076\004\100\004\070\004\102\004\074\004\060\000\040\004\024\004\060\004\074\004\065\004\100\004\060\004\103\000-\004\033\004\065\004\062\004\065\004\075\004\110\004\102\004\065\004\071\004\075\004\060}{chapter.2}% 10
\BOOKMARK [0][-]{chapter.3}{\376\377\004\042\004\065\004\105\004\075\004\076\004\073\004\076\004\063\004\070\004\107\004\065\004\101\004\072\004\060\004\117\000\040\004\107\004\060\004\101\004\102\004\114}{}% 11
\BOOKMARK [1][-]{section.3.1}{\376\377\004\042\004\100\004\065\004\061\004\076\004\062\004\060\004\075\004\070\004\117\000\040\004\072\000\040\004\037\004\036}{chapter.3}% 12
\BOOKMARK [1][-]{section.3.2}{\376\377\004\041\004\100\004\065\004\064\004\101\004\102\004\062\004\060\000\040\004\100\004\065\004\060\004\073\004\070\004\067\004\060\004\106\004\070\004\070}{chapter.3}% 13
\BOOKMARK [1][-]{section.3.3}{\376\377\004\033\004\070\004\101\004\102\004\070\004\075\004\063\000\040\004\072\004\076\004\064\004\060}{chapter.3}% 14
\BOOKMARK [1][-]{section.3.4}{\376\377\004\044\004\103\004\075\004\072\004\106\004\070\004\076\004\075\004\060\004\073\004\114\004\075\004\076\004\065\000\040\004\102\004\065\004\101\004\102\004\070\004\100\004\076\004\062\004\060\004\075\004\070\004\065}{chapter.3}% 15
\BOOKMARK [1][-]{section.3.5}{\376\377\004\037\004\100\004\070\004\074\004\065\004\100\000\040\004\100\004\060\004\061\004\076\004\102\004\113}{chapter.3}% 16
\BOOKMARK [0][-]{chapter.4}{\376\377\004\030\004\101\004\101\004\073\004\065\004\064\004\076\004\062\004\060\004\102\004\065\004\073\004\114\004\101\004\072\004\060\004\117\000\040\004\107\004\060\004\101\004\102\004\114}{}% 17
\BOOKMARK [1][-]{section.4.1}{\376\377\004\042\004\065\004\105\004\075\004\070\004\107\004\065\004\101\004\072\004\070\004\065\000\040\004\105\004\060\004\100\004\060\004\072\004\102\004\065\004\100\004\070\004\101\004\102\004\070\004\072\004\070}{chapter.4}% 18
\BOOKMARK [1][-]{section.4.2}{\376\377\004\022\004\100\004\065\004\074\004\117\000\040\004\062\004\113\004\077\004\076\004\073\004\075\004\065\004\075\004\070\004\117\000\040\004\060\004\073\004\063\004\076\004\100\004\070\004\102\004\074\004\076\004\062}{chapter.4}% 19
\BOOKMARK [1][-]{section.4.3}{\376\377\004\030\004\101\004\077\004\076\004\073\004\114\004\067\004\076\004\062\004\060\004\075\004\070\004\065\000\040\004\077\004\060\004\074\004\117\004\102\004\070}{chapter.4}% 20
\BOOKMARK [0][-]{chapter*.15}{\376\377\004\027\004\020\004\032\004\033\004\056\004\047\004\025\004\035\004\030\004\025}{}% 21
\BOOKMARK [0][-]{chapter*.15}{\376\377\000C\004\037\004\030\004\041\004\036\004\032\000\040\004\030\004\041\004\037\004\036\004\033\004\054\004\027\004\036\004\022\004\020\004\035\004\035\004\053\004\045\000\040\004\030\004\041\004\042\004\036\004\047\004\035\004\030\004\032\004\036\004\022}{}% 22
\BOOKMARK [0][-]{chapter*.17}{\376\377\004\037\004\040\004\030\004\033\004\036\004\026\004\025\004\035\004\030\004\025\000\040\0001}{}% 23
